# JRE version: OpenJDK Runtime Environment 18.9 (11.0.16.1+8) (build 11.0.16.1+8)
# Java VM: OpenJDK 64-Bit Server VM 18.9 (11.0.16.1+8, mixed mode, tiered, compressed oops, g1 gc, linux-amd64)
Heap:
 garbage-first heap   total 109568K, used 49152K [0x00000000c0000000, 0x0000000100000000)
  region size 1024K, 12 young (12288K), 4 survivors (4096K)
 Metaspace       used 24980K, capacity 26706K, committed 27008K, reserved 1073152K
  class space    used 2335K, capacity 2862K, committed 2944K, reserved 1048576K
GC Heap History (20 events):
Event: 2.256 GC heap before
{Heap before GC invocations=2 (full 0):
 garbage-first heap   total 65536K, used 32414K [0x00000000c0000000, 0x0000000100000000)
  region size 1024K, 29 young (29696K), 3 survivors (3072K)
 Metaspace       used 14516K, capacity 14742K, committed 14976K, reserved 1062912K
  class space    used 1322K, capacity 1400K, committed 1408K, reserved 1048576K
}
Event: 2.263 GC heap after
{Heap after GC invocations=3 (full 0):
 garbage-first heap   total 65536K, used 8515K [0x00000000c0000000, 0x0000000100000000)
  region size 1024K, 4 young (4096K), 4 survivors (4096K)
 Metaspace       used 14516K, capacity 14742K, committed 14976K, reserved 1062912K
  class space    used 1322K, capacity 1400K, committed 1408K, reserved 1048576K
}
Event: 2.700 GC heap before
{Heap before GC invocations=3 (full 0):
 garbage-first heap   total 65536K, used 36163K [0x00000000c0000000, 0x0000000100000000)
  region size 1024K, 31 young (31744K), 4 survivors (4096K)
 Metaspace       used 14795K, capacity 15135K, committed 15232K, reserved 1062912K
  class space    used 1325K, capacity 1401K, committed 1408K, reserved 1048576K
}
Event: 2.707 GC heap after
{Heap after GC invocations=4 (full 0):
 garbage-first heap   total 65536K, used 10294K [0x00000000c0000000, 0x0000000100000000)
  region size 1024K, 4 young (4096K), 4 survivors (4096K)
 Metaspace       used 14795K, capacity 15135K, committed 15232K, reserved 1062912K
  class space    used 1325K, capacity 1401K, committed 1408K, reserved 1048576K
}
Event: 2.965 GC heap before
{Heap before GC invocations=4 (full 0):
 garbage-first heap   total 65536K, used 37942K [0x00000000c0000000, 0x0000000100000000)
  region size 1024K, 32 young (32768K), 4 survivors (4096K)
 Metaspace       used 14931K, capacity 15263K, committed 15488K, reserved 1062912K
  class space    used 1329K, capacity 1401K, committed 1408K, reserved 1048576K
}
Event: 2.999 GC heap after
{Heap after GC invocations=5 (full 0):
 garbage-first heap   total 78848K, used 28190K [0x00000000c0000000, 0x0000000100000000)
  region size 1024K, 4 young (4096K), 4 survivors (4096K)
 Metaspace       used 14931K, capacity 15263K, committed 15488K, reserved 1062912K
  class space    used 1329K, capacity 1401K, committed 1408K, reserved 1048576K
}
Event: 3.121 GC heap before
{Heap before GC invocations=5 (full 0):
 garbage-first heap   total 78848K, used 48670K [0x00000000c0000000, 0x0000000100000000)
  region size 1024K, 24 young (24576K), 4 survivors (4096K)
 Metaspace       used 14962K, capacity 15263K, committed 15488K, reserved 1062912K
  class space    used 1329K, capacity 1401K, committed 1408K, reserved 1048576K
}
Event: 3.140 GC heap after
{Heap after GC invocations=6 (full 0):
 garbage-first heap   total 78848K, used 35840K [0x00000000c0000000, 0x0000000100000000)
  region size 1024K, 3 young (3072K), 3 survivors (3072K)
 Metaspace       used 14962K, capacity 15263K, committed 15488K, reserved 1062912K
  class space    used 1329K, capacity 1401K, committed 1408K, reserved 1048576K
}
Event: 3.251 GC heap before
{Heap before GC invocations=6 (full 0):
 garbage-first heap   total 78848K, used 53248K [0x00000000c0000000, 0x0000000100000000)
  region size 1024K, 20 young (20480K), 3 survivors (3072K)
 Metaspace       used 14995K, capacity 15327K, committed 15488K, reserved 1062912K
  class space    used 1329K, capacity 1401K, committed 1408K, reserved 1048576K
}
Event: 3.262 GC heap after
{Heap after GC invocations=7 (full 0):
 garbage-first heap   total 78848K, used 39936K [0x00000000c0000000, 0x0000000100000000)
  region size 1024K, 3 young (3072K), 3 survivors (3072K)
 Metaspace       used 14995K, capacity 15327K, committed 15488K, reserved 1062912K
  class space    used 1329K, capacity 1401K, committed 1408K, reserved 1048576K
}
Event: 3.876 GC heap before
{Heap before GC invocations=7 (full 0):
 garbage-first heap   total 78848K, used 53248K [0x00000000c0000000, 0x0000000100000000)
  region size 1024K, 18 young (18432K), 3 survivors (3072K)
 Metaspace       used 18293K, capacity 18957K, committed 19072K, reserved 1067008K
  class space    used 1695K, capacity 1890K, committed 1920K, reserved 1048576K
}
Event: 3.888 GC heap after
{Heap after GC invocations=8 (full 0):
 garbage-first heap   total 78848K, used 42797K [0x00000000c0000000, 0x0000000100000000)
  region size 1024K, 3 young (3072K), 3 survivors (3072K)
 Metaspace       used 18293K, capacity 18957K, committed 19072K, reserved 1067008K
  class space    used 1695K, capacity 1890K, committed 1920K, reserved 1048576K
}
Event: 4.334 GC heap before
{Heap before GC invocations=9 (full 0):
 garbage-first heap   total 78848K, used 58157K [0x00000000c0000000, 0x0000000100000000)
  region size 1024K, 17 young (17408K), 3 survivors (3072K)
 Metaspace       used 18633K, capacity 19299K, committed 19584K, reserved 1067008K
  class space    used 1698K, capacity 1893K, committed 1920K, reserved 1048576K
}
Event: 4.346 GC heap after
{Heap after GC invocations=10 (full 0):
 garbage-first heap   total 109568K, used 45381K [0x00000000c0000000, 0x0000000100000000)
  region size 1024K, 3 young (3072K), 3 survivors (3072K)
 Metaspace       used 18633K, capacity 19299K, committed 19584K, reserved 1067008K
  class space    used 1698K, capacity 1893K, committed 1920K, reserved 1048576K
}
Event: 4.381 GC heap before
{Heap before GC invocations=10 (full 0):
 garbage-first heap   total 109568K, used 46405K [0x00000000c0000000, 0x0000000100000000)
  region size 1024K, 5 young (5120K), 3 survivors (3072K)
 Metaspace       used 18652K, capacity 19299K, committed 19584K, reserved 1067008K
  class space    used 1698K, capacity 1893K, committed 1920K, reserved 1048576K
}
Event: 4.390 GC heap after
{Heap after GC invocations=11 (full 0):
 garbage-first heap   total 109568K, used 39054K [0x00000000c0000000, 0x0000000100000000)
  region size 1024K, 1 young (1024K), 1 survivors (1024K)
 Metaspace       used 18652K, capacity 19299K, committed 19584K, reserved 1067008K
  class space    used 1698K, capacity 1893K, committed 1920K, reserved 1048576K
}
Event: 4.488 GC heap before
{Heap before GC invocations=11 (full 0):
 garbage-first heap   total 109568K, used 43150K [0x00000000c0000000, 0x0000000100000000)
  region size 1024K, 5 young (5120K), 1 survivors (1024K)
 Metaspace       used 18682K, capacity 19299K, committed 19584K, reserved 1067008K
  class space    used 1698K, capacity 1893K, committed 1920K, reserved 1048576K
}
Event: 4.497 GC heap after
{Heap after GC invocations=12 (full 0):
 garbage-first heap   total 109568K, used 36630K [0x00000000c0000000, 0x0000000100000000)
  region size 1024K, 1 young (1024K), 1 survivors (1024K)
 Metaspace       used 18682K, capacity 19299K, committed 19584K, reserved 1067008K
  class space    used 1698K, capacity 1893K, committed 1920K, reserved 1048576K
}
Event: 5.597 GC heap before
{Heap before GC invocations=12 (full 0):
 garbage-first heap   total 109568K, used 64278K [0x00000000c0000000, 0x0000000100000000)
  region size 1024K, 29 young (29696K), 1 survivors (1024K)
 Metaspace       used 22049K, capacity 23300K, committed 23680K, reserved 1071104K
  class space    used 2044K, capacity 2407K, committed 2432K, reserved 1048576K
}
Event: 5.610 GC heap after
{Heap after GC invocations=13 (full 0):
 garbage-first heap   total 109568K, used 43008K [0x00000000c0000000, 0x0000000100000000)
  region size 1024K, 4 young (4096K), 4 survivors (4096K)
 Metaspace       used 22049K, capacity 23300K, committed 23680K, reserved 1071104K
  class space    used 2044K, capacity 2407K, committed 2432K, reserved 1048576K
}

